2020-07-28 16:02:10.330  INFO 9000 --- [main] teclan.wathdog.Main                      : Starting Main on teclan-PC with PID 9000 (E:\Codes\openSource\teclan-Watchdog\target\classes started by teclan in E:\Codes\openSource\teclan-Watchdog)
2020-07-28 16:02:10.333  INFO 9000 --- [main] teclan.wathdog.Main                      : No active profile set, falling back to default profiles: default
2020-07-28 16:02:10.382  INFO 9000 --- [main] ConfigServletWebServerApplicationContext : Refreshing org.springframework.boot.web.servlet.context.AnnotationConfigServletWebServerApplicationContext@7fa98a66: startup date [Tue Jul 28 16:02:10 CST 2020]; root of context hierarchy
2020-07-28 16:02:10.811  WARN 9000 --- [main] o.m.s.mapper.ClassPathMapperScanner      : No MyBatis mapper was found in '[teclan.springboot.dao]' package. Please check your configuration.
2020-07-28 16:02:11.462  INFO 9000 --- [main] o.s.b.w.embedded.tomcat.TomcatWebServer  : Tomcat initialized with port(s): 8080 (http)
2020-07-28 16:02:11.502  INFO 9000 --- [main] o.apache.catalina.core.StandardService   : Starting service [Tomcat]
2020-07-28 16:02:11.503  INFO 9000 --- [main] org.apache.catalina.core.StandardEngine  : Starting Servlet Engine: Apache Tomcat/8.5.31
2020-07-28 16:02:11.509  INFO 9000 --- [localhost-startStop-1] o.a.catalina.core.AprLifecycleListener   : The APR based Apache Tomcat Native library which allows optimal performance in production environments was not found on the java.library.path: [C:\Program Files (x86)\Java\jdk8\bin;C:\Windows\Sun\Java\bin;C:\Windows\system32;C:\Windows;C:\app\teclan\product\11.2.0\dbhome_1\bin;C:\app\teclan\product\11.2.0\dbhome_2\bin;d:\app\teclan\product\11.2.0\dbhome_2\bin;d:\app\teclan\product\11.2.0\dbhome_1\bin;C:\Windows\system32;C:\Windows;C:\Windows\System32\Wbem;C:\Windows\System32\WindowsPowerShell\v1.0\;C:\Program Files (x86)\Java\jdk8\bin;C:\Program Files\Intel\WiFi\bin\;C:\Program Files\Common Files\Intel\WirelessCommon\;C:\Program Files\Git\cmd;C:\Android;C:\Windows\System32;C:\Program Files\TortoiseSVN\bin;E:\Apps\apache-maven-3.6.1\bin;E:\Apps\node-v12.16.1-win-x64;;D:\统一扫描控件\bin;C:\Program Files\Intel\WiFi\bin\;C:\Program Files\Common Files\Intel\WirelessCommon\;.]
2020-07-28 16:02:11.654  INFO 9000 --- [localhost-startStop-1] o.a.c.c.C.[Tomcat].[localhost].[/]       : Initializing Spring embedded WebApplicationContext
2020-07-28 16:02:11.654  INFO 9000 --- [localhost-startStop-1] o.s.web.context.ContextLoader            : Root WebApplicationContext: initialization completed in 1272 ms
2020-07-28 16:02:11.796  INFO 9000 --- [localhost-startStop-1] o.s.b.w.servlet.ServletRegistrationBean  : Servlet dispatcherServlet mapped to [/]
2020-07-28 16:02:11.801  INFO 9000 --- [localhost-startStop-1] o.s.b.w.servlet.FilterRegistrationBean   : Mapping filter: 'characterEncodingFilter' to: [/*]
2020-07-28 16:02:11.802  INFO 9000 --- [localhost-startStop-1] o.s.b.w.servlet.FilterRegistrationBean   : Mapping filter: 'hiddenHttpMethodFilter' to: [/*]
2020-07-28 16:02:11.802  INFO 9000 --- [localhost-startStop-1] o.s.b.w.servlet.FilterRegistrationBean   : Mapping filter: 'httpPutFormContentFilter' to: [/*]
2020-07-28 16:02:11.802  INFO 9000 --- [localhost-startStop-1] o.s.b.w.servlet.FilterRegistrationBean   : Mapping filter: 'requestContextFilter' to: [/*]
2020-07-28 16:02:11.962  INFO 9000 --- [main] o.s.w.s.handler.SimpleUrlHandlerMapping  : Mapped URL path [/**/favicon.ico] onto handler of type [class org.springframework.web.servlet.resource.ResourceHttpRequestHandler]
2020-07-28 16:02:12.163  INFO 9000 --- [main] s.w.s.m.m.a.RequestMappingHandlerAdapter : Looking for @ControllerAdvice: org.springframework.boot.web.servlet.context.AnnotationConfigServletWebServerApplicationContext@7fa98a66: startup date [Tue Jul 28 16:02:10 CST 2020]; root of context hierarchy
2020-07-28 16:02:12.216  INFO 9000 --- [main] s.w.s.m.m.a.RequestMappingHandlerMapping : Mapped "{[/hello]}" onto public java.lang.String teclan.wathdog.controller.HelloController.hello()
2020-07-28 16:02:12.218  INFO 9000 --- [main] s.w.s.m.m.a.RequestMappingHandlerMapping : Mapped "{[/restart],methods=[POST]}" onto public com.alibaba.fastjson.JSONObject teclan.wathdog.controller.ServerController.restart()
2020-07-28 16:02:12.219  INFO 9000 --- [main] s.w.s.m.m.a.RequestMappingHandlerMapping : Mapped "{[/shell],methods=[POST]}" onto public com.alibaba.fastjson.JSONObject teclan.wathdog.controller.ServerController.reboot(java.lang.String)
2020-07-28 16:02:12.222  INFO 9000 --- [main] s.w.s.m.m.a.RequestMappingHandlerMapping : Mapped "{[/error]}" onto public org.springframework.http.ResponseEntity<java.util.Map<java.lang.String, java.lang.Object>> org.springframework.boot.autoconfigure.web.servlet.error.BasicErrorController.error(javax.servlet.http.HttpServletRequest)
2020-07-28 16:02:12.223  INFO 9000 --- [main] s.w.s.m.m.a.RequestMappingHandlerMapping : Mapped "{[/error],produces=[text/html]}" onto public org.springframework.web.servlet.ModelAndView org.springframework.boot.autoconfigure.web.servlet.error.BasicErrorController.errorHtml(javax.servlet.http.HttpServletRequest,javax.servlet.http.HttpServletResponse)
2020-07-28 16:02:12.240  INFO 9000 --- [main] o.s.w.s.handler.SimpleUrlHandlerMapping  : Mapped URL path [/webjars/**] onto handler of type [class org.springframework.web.servlet.resource.ResourceHttpRequestHandler]
2020-07-28 16:02:12.241  INFO 9000 --- [main] o.s.w.s.handler.SimpleUrlHandlerMapping  : Mapped URL path [/**] onto handler of type [class org.springframework.web.servlet.resource.ResourceHttpRequestHandler]
2020-07-28 16:02:12.375  INFO 9000 --- [main] o.s.j.e.a.AnnotationMBeanExporter        : Registering beans for JMX exposure on startup
2020-07-28 16:02:12.424  INFO 9000 --- [main] o.s.b.w.embedded.tomcat.TomcatWebServer  : Tomcat started on port(s): 8080 (http) with context path ''
2020-07-28 16:02:12.430  INFO 9000 --- [main] teclan.wathdog.Main                      : Started Main in 2.515 seconds (JVM running for 3.786)
2020-07-28 16:02:12.434  INFO 9000 --- [main] teclan.wathdog.init.SomeCheckServer      : 看门狗程序自检开始....
2020-07-28 16:02:12.435  INFO 9000 --- [main] teclan.wathdog.init.SomeCheckServer      : 看门狗程序自检结束....
